OVMF/CryptoPkg/Library/BaseCryptLib/PeiCryptLib/CryptMd5.obj
OVMF/CryptoPkg/Library/BaseCryptLib/PeiCryptLib/CryptSha1.obj
OVMF/CryptoPkg/Library/BaseCryptLib/PeiCryptLib/CryptSha256.obj
OVMF/CryptoPkg/Library/BaseCryptLib/PeiCryptLib/CryptSm3.obj
OVMF/CryptoPkg/Library/BaseCryptLib/PeiCryptLib/CryptSha512.obj
OVMF/CryptoPkg/Library/BaseCryptLib/PeiCryptLib/CryptSha3.obj
OVMF/CryptoPkg/Library/BaseCryptLib/PeiCryptLib/CryptXkcp.obj
OVMF/CryptoPkg/Library/BaseCryptLib/PeiCryptLib/CryptCShake256.obj
OVMF/CryptoPkg/Library/BaseCryptLib/PeiCryptLib/CryptParallelHash.obj
OVMF/CryptoPkg/Library/BaseCryptLib/PeiCryptLib/CryptDispatchApPei.obj
OVMF/CryptoPkg/Library/BaseCryptLib/PeiCryptLib/CryptHmac.obj
OVMF/CryptoPkg/Library/BaseCryptLib/PeiCryptLib/CryptHkdf.obj
OVMF/CryptoPkg/Library/BaseCryptLib/PeiCryptLib/CryptAes.obj
OVMF/CryptoPkg/Library/BaseCryptLib/PeiCryptLib/CryptAeadAesGcmNull.obj
OVMF/CryptoPkg/Library/BaseCryptLib/PeiCryptLib/CryptRsaBasic.obj
OVMF/CryptoPkg/Library/BaseCryptLib/PeiCryptLib/CryptRsaExtNull.obj
OVMF/CryptoPkg/Library/BaseCryptLib/PeiCryptLib/CryptPkcs1OaepNull.obj
OVMF/CryptoPkg/Library/BaseCryptLib/PeiCryptLib/CryptPkcs5Pbkdf2Null.obj
OVMF/CryptoPkg/Library/BaseCryptLib/PeiCryptLib/CryptPkcs7SignNull.obj
OVMF/CryptoPkg/Library/BaseCryptLib/PeiCryptLib/CryptPkcs7VerifyCommon.obj
OVMF/CryptoPkg/Library/BaseCryptLib/PeiCryptLib/CryptPkcs7VerifyBase.obj
OVMF/CryptoPkg/Library/BaseCryptLib/PeiCryptLib/CryptPkcs7VerifyEku.obj
OVMF/CryptoPkg/Library/BaseCryptLib/PeiCryptLib/CryptDhNull.obj
OVMF/CryptoPkg/Library/BaseCryptLib/PeiCryptLib/CryptX509Null.obj
OVMF/CryptoPkg/Library/BaseCryptLib/PeiCryptLib/CryptAuthenticodeNull.obj
OVMF/CryptoPkg/Library/BaseCryptLib/PeiCryptLib/CryptTsNull.obj
OVMF/CryptoPkg/Library/BaseCryptLib/PeiCryptLib/CryptRsaPss.obj
OVMF/CryptoPkg/Library/BaseCryptLib/PeiCryptLib/CryptRsaPssSignNull.obj
OVMF/CryptoPkg/Library/BaseCryptLib/PeiCryptLib/CryptEcNull.obj
OVMF/CryptoPkg/Library/BaseCryptLib/PeiCryptLib/CryptPemNull.obj
OVMF/CryptoPkg/Library/BaseCryptLib/PeiCryptLib/CryptRandNull.obj
OVMF/CryptoPkg/Library/BaseCryptLib/PeiCryptLib/CryptBnNull.obj
OVMF/CryptoPkg/Library/BaseCryptLib/PeiCryptLib/CrtWrapper.obj
OVMF/CryptoPkg/Library/BaseCryptLib/PeiCryptLib/ConstantTimeClock.obj
OVMF/CryptoPkg/Library/BaseCryptLib/PeiCryptLib/BaseMemAllocation.obj