OVMF/MdeModulePkg/Universal/CapsuleRuntimeDxe/ff/CapsuleRuntimeDxe.lib
OVMF/MdePkg/Library/RegisterFilterLibNull/ff/FilterLibNull.lib
OVMF/MdePkg/Library/BaseMemoryLibRepStr/ff/BaseMemoryLibRepStr.lib
OVMF/MdePkg/Library/BaseLib/ff/BaseLib.lib
OVMF/MdePkg/Library/DxePcdLib/ff/DxePcdLib.lib
OVMF/MdePkg/Library/TdxLib/ff/TdxLib.lib
OVMF/MdePkg/Library/BaseDebugPrintErrorLevelLib/ff/BaseDebugPrintErrorLevelLib.lib
OVMF/MdePkg/Library/BaseIoLibIntrinsic/ff/BaseIoLibIntrinsicSev.lib
OVMF/MdePkg/Library/BasePrintLib/ff/BasePrintLib.lib
OVMF/OvmfPkg/Library/PlatformDebugLibIoPort/PlatformDebugLibIoPort/PlatformDebugLibIoPort.lib
OVMF/OvmfPkg/Library/CcProbeLib/DxeCcProbeLib/DxeCcProbeLib.lib
OVMF/MdePkg/Library/UefiBootServicesTableLib/ff/UefiBootServicesTableLib.lib
OVMF/MdePkg/Library/UefiMemoryAllocationLib/ff/UefiMemoryAllocationLib.lib
OVMF/MdePkg/Library/StackCheckLibNull/ff/StackCheckLibNull.lib
OVMF/MdePkg/Library/UefiRuntimeServicesTableLib/ff/UefiRuntimeServicesTableLib.lib
OVMF/MdePkg/Library/UefiDevicePathLibDevicePathProtocol/ff/UefiDevicePathLibDevicePathProtocol.lib
OVMF/MdePkg/Library/UefiDriverEntryPoint/ff/UefiDriverEntryPoint.lib
OVMF/MdeModulePkg/Library/DxeCapsuleLibNull/ff/DxeCapsuleLibNull.lib
OVMF/MdePkg/Library/UefiRuntimeLib/ff/UefiRuntimeLib.lib
OVMF/MdePkg/Library/BaseCacheMaintenanceLib/ff/BaseCacheMaintenanceLib.lib
OVMF/MdePkg/Library/UefiLib/ff/UefiLib.lib