OVMF/OvmfPkg/PlatformPei/ff/PlatformPei.lib
OVMF/OvmfPkg/Library/CcProbeLib/ff/SecPeiCcProbeLib.lib
OVMF/MdePkg/Library/RegisterFilterLibNull/ff/FilterLibNull.lib
OVMF/OvmfPkg/Library/AmdSvsmLib/ff/AmdSvsmLib.lib
OVMF/MdePkg/Library/BaseCpuLib/ff/BaseCpuLib.lib
OVMF/UefiCpuPkg/Library/BaseXApicX2ApicLib/ff/BaseXApicX2ApicLib.lib
OVMF/MdePkg/Library/PeiMemoryAllocationLib/ff/PeiMemoryAllocationLib.lib
OVMF/MdePkg/Library/BaseMemoryLibRepStr/ff/BaseMemoryLibRepStr.lib
OVMF/MdePkg/Library/TdxLib/ff/TdxLib.lib
OVMF/OvmfPkg/Library/CcExitLib/CcExitLib/CcExitLib.lib
OVMF/MdePkg/Library/PeiPcdLib/ff/PeiPcdLib.lib
OVMF/OvmfPkg/Library/BaseMemEncryptSevLib/PeiMemEncryptSevLib/PeiMemEncryptSevLib.lib
OVMF/MdePkg/Library/PeiServicesTablePointerLibIdt/ff/PeiServicesTablePointerLibIdt.lib
OVMF/MdePkg/Library/PeiServicesLib/ff/PeiServicesLib.lib
OVMF/MdePkg/Library/BaseIoLibIntrinsic/ff/BaseIoLibIntrinsicSev.lib
OVMF/MdePkg/Library/PeiHobLib/ff/PeiHobLib.lib
OVMF/MdePkg/Library/BaseCacheMaintenanceLib/ff/BaseCacheMaintenanceLib.lib
OVMF/MdePkg/Library/BaseLib/ff/BaseLib.lib
OVMF/MdePkg/Library/BaseDebugPrintErrorLevelLib/ff/BaseDebugPrintErrorLevelLib.lib
OVMF/MdePkg/Library/BasePrintLib/ff/BasePrintLib.lib
OVMF/OvmfPkg/Library/PlatformDebugLibIoPort/ff/PlatformRomDebugLibIoPort.lib
OVMF/MdePkg/Library/BasePciCf8Lib/ff/BasePciCf8Lib.lib
OVMF/MdePkg/Library/BasePciLibCf8/ff/BasePciLibCf8.lib
OVMF/OvmfPkg/Library/AcpiTimerLib/BaseAcpiTimerLib/BaseAcpiTimerLib.lib
OVMF/SecurityPkg/Library/PeiTpmMeasurementLib/ff/PeiTpmMeasurementLib.lib
OVMF/MdePkg/Library/BaseSynchronizationLib/ff/BaseSynchronizationLib.lib
OVMF/CryptoPkg/Library/IntrinsicLib/ff/BaseIntrinsicLib.lib
OVMF/CryptoPkg/Library/OpensslLib/ff/OpensslLibCrypto.lib
OVMF/OvmfPkg/Library/QemuFwCfgLib/QemuFwCfgPeiLib/QemuFwCfgPeiLib.lib
OVMF/PcAtChipsetPkg/Library/SerialIoLib/ff/PcAtSerialPortLib.lib
OVMF/MdePkg/Library/BasePeCoffGetEntryPointLib/ff/BasePeCoffGetEntryPointLib.lib
OVMF/CryptoPkg/Library/BaseCryptLib/PeiCryptLib/PeiCryptLib.lib
OVMF/MdePkg/Library/StackCheckLibNull/ff/StackCheckLibNull.lib
OVMF/OvmfPkg/Library/HardwareInfoLib/ff/PeiHardwareInfoLib.lib
OVMF/UefiCpuPkg/Library/MtrrLib/ff/MtrrLib.lib
OVMF/OvmfPkg/Library/QemuFwCfgSimpleParserLib/ff/QemuFwCfgSimpleParserLib.lib
OVMF/UefiCpuPkg/Library/CpuExceptionHandlerLib/PeiCpuExceptionHandlerLib/PeiCpuExceptionHandlerLib.lib
OVMF/OvmfPkg/IntelTdx/TdxMeasurementLib/ff/SecPeiTdxMeasurementLib.lib
OVMF/MdePkg/Library/PeiResourcePublicationLib/ff/PeiResourcePublicationLib.lib
OVMF/MdePkg/Library/PeimEntryPoint/ff/PeimEntryPoint.lib
OVMF/OvmfPkg/Library/QemuFwCfgS3Lib/PeiQemuFwCfgS3LibFwCfg/PeiQemuFwCfgS3LibFwCfg.lib
OVMF/OvmfPkg/Library/PlatformInitLib/ff/PlatformInitLib.lib
OVMF/OvmfPkg/Library/SmmRelocationLib/ff/SmmRelocationLib.lib
OVMF/OvmfPkg/IntelTdx/TdxHelperLib/PeiTdxHelperLib/PeiTdxHelperLib.lib