OVMF/CryptoPkg/Library/BaseCryptLib/ff/CryptSha512.obj
OVMF/CryptoPkg/Library/BaseCryptLib/ff/CryptMd5Null.obj
OVMF/CryptoPkg/Library/BaseCryptLib/ff/CryptSha1Null.obj
OVMF/CryptoPkg/Library/BaseCryptLib/ff/CryptSha256Null.obj
OVMF/CryptoPkg/Library/BaseCryptLib/ff/CryptSm3Null.obj
OVMF/CryptoPkg/Library/BaseCryptLib/ff/CryptParallelHashNull.obj
OVMF/CryptoPkg/Library/BaseCryptLib/ff/CryptHmacNull.obj
OVMF/CryptoPkg/Library/BaseCryptLib/ff/CryptHkdfNull.obj
OVMF/CryptoPkg/Library/BaseCryptLib/ff/CryptAesNull.obj
OVMF/CryptoPkg/Library/BaseCryptLib/ff/CryptAeadAesGcmNull.obj
OVMF/CryptoPkg/Library/BaseCryptLib/ff/CryptRsaBasicNull.obj
OVMF/CryptoPkg/Library/BaseCryptLib/ff/CryptRsaExtNull.obj
OVMF/CryptoPkg/Library/BaseCryptLib/ff/CryptPkcs1OaepNull.obj
OVMF/CryptoPkg/Library/BaseCryptLib/ff/CryptPkcs5Pbkdf2Null.obj
OVMF/CryptoPkg/Library/BaseCryptLib/ff/CryptPkcs7SignNull.obj
OVMF/CryptoPkg/Library/BaseCryptLib/ff/CryptPkcs7VerifyNull.obj
OVMF/CryptoPkg/Library/BaseCryptLib/ff/CryptPkcs7VerifyEkuNull.obj
OVMF/CryptoPkg/Library/BaseCryptLib/ff/CryptDhNull.obj
OVMF/CryptoPkg/Library/BaseCryptLib/ff/CryptX509Null.obj
OVMF/CryptoPkg/Library/BaseCryptLib/ff/CryptAuthenticodeNull.obj
OVMF/CryptoPkg/Library/BaseCryptLib/ff/CryptTsNull.obj
OVMF/CryptoPkg/Library/BaseCryptLib/ff/CryptPemNull.obj
OVMF/CryptoPkg/Library/BaseCryptLib/ff/CryptRandNull.obj
OVMF/CryptoPkg/Library/BaseCryptLib/ff/CryptRsaPssNull.obj
OVMF/CryptoPkg/Library/BaseCryptLib/ff/CryptRsaPssSignNull.obj
OVMF/CryptoPkg/Library/BaseCryptLib/ff/CryptEcNull.obj
OVMF/CryptoPkg/Library/BaseCryptLib/ff/CryptBnNull.obj
OVMF/CryptoPkg/Library/BaseCryptLib/ff/CrtWrapper.obj
OVMF/CryptoPkg/Library/BaseCryptLib/ff/ConstantTimeClock.obj
OVMF/CryptoPkg/Library/BaseCryptLib/ff/BaseMemAllocation.obj