OVMF/MdeModulePkg/Core/RuntimeDxe/ff/RuntimeDxe.lib
OVMF/MdePkg/Library/RegisterFilterLibNull/ff/FilterLibNull.lib
OVMF/MdePkg/Library/BaseMemoryLibRepStr/ff/BaseMemoryLibRepStr.lib
OVMF/MdePkg/Library/DxePcdLib/ff/DxePcdLib.lib
OVMF/MdePkg/Library/BaseLib/ff/BaseLib.lib
OVMF/MdePkg/Library/TdxLib/ff/TdxLib.lib
OVMF/MdePkg/Library/BaseDebugPrintErrorLevelLib/ff/BaseDebugPrintErrorLevelLib.lib
OVMF/MdePkg/Library/BasePrintLib/ff/BasePrintLib.lib
OVMF/MdePkg/Library/BaseIoLibIntrinsic/ff/BaseIoLibIntrinsicSev.lib
OVMF/OvmfPkg/Library/PlatformDebugLibIoPort/PlatformDebugLibIoPort/PlatformDebugLibIoPort.lib
OVMF/OvmfPkg/Library/CcProbeLib/DxeCcProbeLib/DxeCcProbeLib.lib
OVMF/MdePkg/Library/UefiBootServicesTableLib/ff/UefiBootServicesTableLib.lib
OVMF/MdePkg/Library/UefiMemoryAllocationLib/ff/UefiMemoryAllocationLib.lib
OVMF/MdePkg/Library/UefiRuntimeServicesTableLib/ff/UefiRuntimeServicesTableLib.lib
OVMF/MdePkg/Library/BaseSafeIntLib/ff/BaseSafeIntLib.lib
OVMF/MdePkg/Library/BasePeCoffExtraActionLibNull/ff/PeCoffExtraActionLibNull.lib
OVMF/MdePkg/Library/UefiDevicePathLibDevicePathProtocol/ff/UefiDevicePathLibDevicePathProtocol.lib
OVMF/MdePkg/Library/UefiRuntimeLib/ff/UefiRuntimeLib.lib
OVMF/MdePkg/Library/StackCheckLibNull/ff/StackCheckLibNull.lib
OVMF/MdePkg/Library/BasePeCoffLib/ff/BasePeCoffLib.lib
OVMF/MdePkg/Library/BaseCacheMaintenanceLib/ff/BaseCacheMaintenanceLib.lib
OVMF/MdePkg/Library/UefiLib/ff/UefiLib.lib
OVMF/MdeModulePkg/Library/RuntimeDxeReportStatusCodeLib/ff/RuntimeDxeReportStatusCodeLib.lib
OVMF/MdePkg/Library/UefiDriverEntryPoint/ff/UefiDriverEntryPoint.lib