OVMF/MdePkg/Library/BaseLib/ff/CheckSum.obj
OVMF/MdePkg/Library/BaseLib/ff/SwitchStack.obj
OVMF/MdePkg/Library/BaseLib/ff/SwapBytes64.obj
OVMF/MdePkg/Library/BaseLib/ff/SwapBytes32.obj
OVMF/MdePkg/Library/BaseLib/ff/SwapBytes16.obj
OVMF/MdePkg/Library/BaseLib/ff/LongJump.obj
OVMF/MdePkg/Library/BaseLib/ff/SetJump.obj
OVMF/MdePkg/Library/BaseLib/ff/QuickSort.obj
OVMF/MdePkg/Library/BaseLib/ff/RShiftU64.obj
OVMF/MdePkg/Library/BaseLib/ff/RRotU64.obj
OVMF/MdePkg/Library/BaseLib/ff/RRotU32.obj
OVMF/MdePkg/Library/BaseLib/ff/MultU64x64.obj
OVMF/MdePkg/Library/BaseLib/ff/MultU64x32.obj
OVMF/MdePkg/Library/BaseLib/ff/MultS64x64.obj
OVMF/MdePkg/Library/BaseLib/ff/ModU64x32.obj
OVMF/MdePkg/Library/BaseLib/ff/LShiftU64.obj
OVMF/MdePkg/Library/BaseLib/ff/LRotU64.obj
OVMF/MdePkg/Library/BaseLib/ff/LRotU32.obj
OVMF/MdePkg/Library/BaseLib/ff/LowBitSet64.obj
OVMF/MdePkg/Library/BaseLib/ff/LowBitSet32.obj
OVMF/MdePkg/Library/BaseLib/ff/HighBitSet64.obj
OVMF/MdePkg/Library/BaseLib/ff/HighBitSet32.obj
OVMF/MdePkg/Library/BaseLib/ff/GetPowerOfTwo64.obj
OVMF/MdePkg/Library/BaseLib/ff/GetPowerOfTwo32.obj
OVMF/MdePkg/Library/BaseLib/ff/DivU64x64Remainder.obj
OVMF/MdePkg/Library/BaseLib/ff/DivU64x32Remainder.obj
OVMF/MdePkg/Library/BaseLib/ff/DivU64x32.obj
OVMF/MdePkg/Library/BaseLib/ff/DivS64x64Remainder.obj
OVMF/MdePkg/Library/BaseLib/ff/ARShiftU64.obj
OVMF/MdePkg/Library/BaseLib/ff/BitField.obj
OVMF/MdePkg/Library/BaseLib/ff/CpuDeadLoop.obj
OVMF/MdePkg/Library/BaseLib/ff/Cpu.obj
OVMF/MdePkg/Library/BaseLib/ff/LinkedList.obj
OVMF/MdePkg/Library/BaseLib/ff/SafeString.obj
OVMF/MdePkg/Library/BaseLib/ff/String.obj
OVMF/MdePkg/Library/BaseLib/ff/FilePaths.obj
OVMF/MdePkg/Library/BaseLib/ff/X64/Thunk16.obj
OVMF/MdePkg/Library/BaseLib/ff/X64/CpuIdEx.obj
OVMF/MdePkg/Library/BaseLib/ff/X64/CpuId.obj
OVMF/MdePkg/Library/BaseLib/ff/X64/LongJump.obj
OVMF/MdePkg/Library/BaseLib/ff/X64/SetJump.obj
OVMF/MdePkg/Library/BaseLib/ff/X64/SwitchStack.obj
OVMF/MdePkg/Library/BaseLib/ff/X64/EnableCache.obj
OVMF/MdePkg/Library/BaseLib/ff/X64/DisableCache.obj
OVMF/MdePkg/Library/BaseLib/ff/X64/WriteTr.obj
OVMF/MdePkg/Library/BaseLib/ff/X64/Lfence.obj
OVMF/MdePkg/Library/BaseLib/ff/X64/TdCall.obj
OVMF/MdePkg/Library/BaseLib/ff/X64/TdVmcall.obj
OVMF/MdePkg/Library/BaseLib/ff/X64/TdProbe.obj
OVMF/MdePkg/Library/BaseLib/ff/X64/Non-existing.obj
OVMF/MdePkg/Library/BaseLib/ff/Math64.obj
OVMF/MdePkg/Library/BaseLib/ff/Unaligned.obj
OVMF/MdePkg/Library/BaseLib/ff/X86WriteIdtr.obj
OVMF/MdePkg/Library/BaseLib/ff/X86WriteGdtr.obj
OVMF/MdePkg/Library/BaseLib/ff/X86Thunk.obj
OVMF/MdePkg/Library/BaseLib/ff/X86ReadIdtr.obj
OVMF/MdePkg/Library/BaseLib/ff/X86ReadGdtr.obj
OVMF/MdePkg/Library/BaseLib/ff/X86Msr.obj
OVMF/MdePkg/Library/BaseLib/ff/X86GetInterruptState.obj
OVMF/MdePkg/Library/BaseLib/ff/X86FxSave.obj
OVMF/MdePkg/Library/BaseLib/ff/X86FxRestore.obj
OVMF/MdePkg/Library/BaseLib/ff/X86EnablePaging64.obj
OVMF/MdePkg/Library/BaseLib/ff/X86EnablePaging32.obj
OVMF/MdePkg/Library/BaseLib/ff/X86DisablePaging64.obj
OVMF/MdePkg/Library/BaseLib/ff/X86DisablePaging32.obj
OVMF/MdePkg/Library/BaseLib/ff/X86RdRand.obj
OVMF/MdePkg/Library/BaseLib/ff/X86PatchInstruction.obj
OVMF/MdePkg/Library/BaseLib/ff/X86SpeculationBarrier.obj
OVMF/MdePkg/Library/BaseLib/ff/X64/GccInline.obj
OVMF/MdePkg/Library/BaseLib/ff/X64/GccInlinePriv.obj
OVMF/MdePkg/Library/BaseLib/ff/X64/EnableDisableInterrupts.obj
OVMF/MdePkg/Library/BaseLib/ff/X64/DisablePaging64.obj
OVMF/MdePkg/Library/BaseLib/ff/X64/Pvalidate.obj
OVMF/MdePkg/Library/BaseLib/ff/X64/RdRand.obj
OVMF/MdePkg/Library/BaseLib/ff/X64/RmpAdjust.obj
OVMF/MdePkg/Library/BaseLib/ff/X64/XGetBv.obj
OVMF/MdePkg/Library/BaseLib/ff/X64/XSetBv.obj
OVMF/MdePkg/Library/BaseLib/ff/X64/VmgExit.obj
OVMF/MdePkg/Library/BaseLib/ff/X64/VmgExitSvsm.obj
OVMF/MdePkg/Library/BaseLib/ff/ChkStkGcc.obj