OVMF/UefiCpuPkg/CpuDxe/ff/CpuDxe.lib
OVMF/MdePkg/Library/BaseCacheMaintenanceLib/ff/BaseCacheMaintenanceLib.lib
OVMF/OvmfPkg/Library/BaseMemEncryptSevLib/DxeMemEncryptSevLib/DxeMemEncryptSevLib.lib
OVMF/OvmfPkg/Library/CcExitLib/CcExitLib/CcExitLib.lib
OVMF/OvmfPkg/Library/AmdSvsmLib/ff/AmdSvsmLib.lib
OVMF/MdePkg/Library/TdxLib/ff/TdxLib.lib
OVMF/MdePkg/Library/RegisterFilterLibNull/ff/FilterLibNull.lib
OVMF/MdePkg/Library/DxePcdLib/ff/DxePcdLib.lib
OVMF/MdePkg/Library/BaseIoLibIntrinsic/ff/BaseIoLibIntrinsicSev.lib
OVMF/UefiCpuPkg/Library/BaseXApicX2ApicLib/ff/BaseXApicX2ApicLib.lib
OVMF/MdePkg/Library/UefiMemoryAllocationLib/ff/UefiMemoryAllocationLib.lib
OVMF/MdePkg/Library/BaseCpuLib/ff/BaseCpuLib.lib
OVMF/MdePkg/Library/BaseMemoryLibRepStr/ff/BaseMemoryLibRepStr.lib
OVMF/MdePkg/Library/BaseLib/ff/BaseLib.lib
OVMF/MdePkg/Library/BaseDebugPrintErrorLevelLib/ff/BaseDebugPrintErrorLevelLib.lib
OVMF/MdePkg/Library/BasePrintLib/ff/BasePrintLib.lib
OVMF/OvmfPkg/Library/PlatformDebugLibIoPort/PlatformDebugLibIoPort/PlatformDebugLibIoPort.lib
OVMF/MdePkg/Library/UefiBootServicesTableLib/ff/UefiBootServicesTableLib.lib
OVMF/OvmfPkg/Library/CcProbeLib/DxeCcProbeLib/DxeCcProbeLib.lib
OVMF/MdePkg/Library/UefiRuntimeServicesTableLib/ff/UefiRuntimeServicesTableLib.lib
OVMF/MdePkg/Library/UefiDevicePathLibDevicePathProtocol/ff/UefiDevicePathLibDevicePathProtocol.lib
OVMF/MdePkg/Library/BasePciCf8Lib/ff/BasePciCf8Lib.lib
OVMF/MdePkg/Library/UefiLib/ff/UefiLib.lib
OVMF/MdePkg/Library/BasePciLibCf8/ff/BasePciLibCf8.lib
OVMF/MdePkg/Library/DxeHobLib/ff/DxeHobLib.lib
OVMF/OvmfPkg/Library/AcpiTimerLib/DxeAcpiTimerLib/DxeAcpiTimerLib.lib
OVMF/PcAtChipsetPkg/Library/SerialIoLib/ff/PcAtSerialPortLib.lib
OVMF/MdePkg/Library/BaseSynchronizationLib/ff/BaseSynchronizationLib.lib
OVMF/MdePkg/Library/BasePeCoffGetEntryPointLib/ff/BasePeCoffGetEntryPointLib.lib
OVMF/UefiCpuPkg/Library/CpuPageTableLib/ff/CpuPageTableLib.lib
OVMF/UefiCpuPkg/Library/MicrocodeLib/ff/MicrocodeLib.lib
OVMF/MdePkg/Library/BaseSafeIntLib/ff/BaseSafeIntLib.lib
OVMF/MdeModulePkg/Library/DebugAgentLibNull/ff/DebugAgentLibNull.lib
OVMF/UefiCpuPkg/Library/MtrrLib/ff/MtrrLib.lib
OVMF/MdePkg/Library/StackCheckLibNull/ff/StackCheckLibNull.lib
OVMF/UefiCpuPkg/Library/CpuExceptionHandlerLib/DxeCpuExceptionHandlerLib/DxeCpuExceptionHandlerLib.lib
OVMF/MdePkg/Library/DxeServicesTableLib/ff/DxeServicesTableLib.lib
OVMF/UefiCpuPkg/Library/MpInitLib/ff/DxeMpInitLib.lib
OVMF/MdeModulePkg/Library/DxeReportStatusCodeLib/ff/DxeReportStatusCodeLib.lib
OVMF/MdePkg/Library/UefiDriverEntryPoint/ff/UefiDriverEntryPoint.lib