OVMF/MdePkg/Library/BaseMemoryLibRepStr/ff/ScanMem64Wrapper.obj
OVMF/MdePkg/Library/BaseMemoryLibRepStr/ff/ScanMem32Wrapper.obj
OVMF/MdePkg/Library/BaseMemoryLibRepStr/ff/ScanMem16Wrapper.obj
OVMF/MdePkg/Library/BaseMemoryLibRepStr/ff/ScanMem8Wrapper.obj
OVMF/MdePkg/Library/BaseMemoryLibRepStr/ff/ZeroMemWrapper.obj
OVMF/MdePkg/Library/BaseMemoryLibRepStr/ff/CompareMemWrapper.obj
OVMF/MdePkg/Library/BaseMemoryLibRepStr/ff/SetMemNWrapper.obj
OVMF/MdePkg/Library/BaseMemoryLibRepStr/ff/SetMem64Wrapper.obj
OVMF/MdePkg/Library/BaseMemoryLibRepStr/ff/SetMem32Wrapper.obj
OVMF/MdePkg/Library/BaseMemoryLibRepStr/ff/SetMem16Wrapper.obj
OVMF/MdePkg/Library/BaseMemoryLibRepStr/ff/SetMemWrapper.obj
OVMF/MdePkg/Library/BaseMemoryLibRepStr/ff/CopyMemWrapper.obj
OVMF/MdePkg/Library/BaseMemoryLibRepStr/ff/IsZeroBufferWrapper.obj
OVMF/MdePkg/Library/BaseMemoryLibRepStr/ff/MemLibGuid.obj
OVMF/MdePkg/Library/BaseMemoryLibRepStr/ff/ScanMem64.obj
OVMF/MdePkg/Library/BaseMemoryLibRepStr/ff/ScanMem32.obj
OVMF/MdePkg/Library/BaseMemoryLibRepStr/ff/ScanMem16.obj
OVMF/MdePkg/Library/BaseMemoryLibRepStr/ff/ScanMem8.obj
OVMF/MdePkg/Library/BaseMemoryLibRepStr/ff/CompareMem.obj
OVMF/MdePkg/Library/BaseMemoryLibRepStr/ff/ZeroMem.obj
OVMF/MdePkg/Library/BaseMemoryLibRepStr/ff/SetMem64.obj
OVMF/MdePkg/Library/BaseMemoryLibRepStr/ff/SetMem32.obj
OVMF/MdePkg/Library/BaseMemoryLibRepStr/ff/SetMem16.obj
OVMF/MdePkg/Library/BaseMemoryLibRepStr/ff/SetMem.obj
OVMF/MdePkg/Library/BaseMemoryLibRepStr/ff/CopyMem.obj
OVMF/MdePkg/Library/BaseMemoryLibRepStr/ff/IsZeroBuffer.obj